TN:
SF:src/app/page.tsx
FN:34,HomePage
FN:47,(anonymous_1)
FNF:2
FNH:2
FNDA:1,HomePage
FNDA:3,(anonymous_1)
DA:16,1
DA:35,1
DA:48,3
LF:3
LH:3
BRF:0
BRH:0
end_of_record
TN:
SF:src/app/providers.tsx
FN:6,Providers
FNF:1
FNH:1
FNDA:1,Providers
DA:7,1
LF:1
LH:1
BRF:0
BRH:0
end_of_record
TN:
SF:src/app/employees/page.tsx
FN:27,EmployeesPage
FN:31,(anonymous_1)
FN:31,(anonymous_2)
FN:33,refresh
FN:43,(anonymous_4)
FN:47,handleCreate
FN:49,(anonymous_6)
FN:52,handleUpdate
FN:55,(anonymous_8)
FN:55,(anonymous_9)
FN:60,handleDelete
FN:61,(anonymous_11)
FN:67,(anonymous_12)
FN:67,(anonymous_13)
FN:136,(anonymous_14)
FN:142,(anonymous_15)
FN:145,(anonymous_16)
FNF:17
FNH:17
FNDA:6,EmployeesPage
FNDA:6,(anonymous_1)
FNDA:7,(anonymous_2)
FNDA:1,refresh
FNDA:1,(anonymous_4)
FNDA:1,handleCreate
FNDA:1,(anonymous_6)
FNDA:1,handleUpdate
FNDA:1,(anonymous_8)
FNDA:2,(anonymous_9)
FNDA:1,handleDelete
FNDA:1,(anonymous_11)
FNDA:1,(anonymous_12)
FNDA:2,(anonymous_13)
FNDA:8,(anonymous_14)
FNDA:1,(anonymous_15)
FNDA:1,(anonymous_16)
DA:28,6
DA:29,6
DA:30,6
DA:31,7
DA:34,1
DA:35,1
DA:36,1
DA:37,1
DA:39,0
DA:43,6
DA:44,1
DA:48,1
DA:49,1
DA:53,1
DA:54,1
DA:55,2
DA:56,1
DA:61,1
DA:62,1
DA:63,1
DA:64,0
DA:66,1
DA:67,2
DA:68,1
DA:69,0
DA:73,6
DA:137,8
DA:142,1
DA:145,1
LF:29
LH:26
BRDA:31,0,0,6
BRDA:31,0,1,5
BRDA:39,1,0,0
BRDA:39,1,1,0
BRDA:49,2,0,1
BRDA:49,2,1,0
BRDA:53,3,0,1
BRDA:53,3,1,0
BRDA:55,4,0,1
BRDA:55,4,1,1
BRDA:62,5,0,1
BRDA:62,5,1,0
BRDA:63,6,0,0
BRDA:63,6,1,1
BRDA:63,7,0,1
BRDA:63,7,1,1
BRDA:68,8,0,0
BRDA:68,8,1,1
BRDA:89,9,0,6
BRDA:89,9,1,0
BRDA:105,10,0,6
BRDA:105,10,1,1
BRF:22
BRH:14
end_of_record
TN:
SF:src/app/payroll/page.tsx
FN:48,PayrollPage
FN:55,(anonymous_1)
FN:58,(anonymous_2)
FN:61,(anonymous_3)
FN:66,refreshPayroll
FN:82,handleCreate
FN:125,(anonymous_6)
FN:125,(anonymous_7)
FN:131,(anonymous_8)
FN:131,(anonymous_9)
FN:133,(anonymous_10)
FN:142,(anonymous_11)
FN:190,(anonymous_12)
FNF:13
FNH:12
FNDA:12,PayrollPage
FNDA:1,(anonymous_1)
FNDA:0,(anonymous_2)
FNDA:4,(anonymous_3)
FNDA:5,refreshPayroll
FNDA:1,handleCreate
FNDA:1,(anonymous_6)
FNDA:1,(anonymous_7)
FNDA:1,(anonymous_8)
FNDA:1,(anonymous_9)
FNDA:1,(anonymous_10)
FNDA:11,(anonymous_11)
FNDA:11,(anonymous_12)
DA:49,12
DA:50,12
DA:51,12
DA:52,12
DA:53,12
DA:55,12
DA:56,1
DA:58,0
DA:61,12
DA:62,4
DA:67,5
DA:68,5
DA:69,5
DA:70,5
DA:71,5
DA:72,5
DA:73,5
DA:74,5
DA:76,0
DA:78,5
DA:83,1
DA:84,1
DA:87,12
DA:89,12
DA:125,1
DA:131,1
DA:133,1
DA:143,11
DA:191,11
LF:29
LH:27
BRDA:58,0,0,0
BRDA:58,0,1,0
BRDA:71,1,0,2
BRDA:71,1,1,3
BRDA:72,2,0,1
BRDA:72,2,1,4
BRDA:76,3,0,0
BRDA:76,3,1,0
BRDA:87,4,0,12
BRDA:87,4,1,1
BRDA:105,5,0,12
BRDA:105,5,1,0
BRDA:140,6,0,11
BRDA:140,6,1,1
BRDA:170,7,0,12
BRDA:170,7,1,4
BRDA:172,8,0,1
BRDA:172,8,1,11
BRF:18
BRH:13
end_of_record
TN:
SF:src/app/reviews/page.tsx
FN:41,ReviewsPage
FN:50,(anonymous_1)
FN:53,(anonymous_2)
FN:56,(anonymous_3)
FN:61,refreshReviews
FN:75,(anonymous_5)
FN:85,handleCreate
FN:90,handleUpdate
FN:97,handleAdvance
FN:138,(anonymous_9)
FN:138,(anonymous_10)
FN:144,(anonymous_11)
FN:144,(anonymous_12)
FN:151,(anonymous_13)
FN:162,(anonymous_14)
FN:207,(anonymous_15)
FN:217,(anonymous_16)
FNF:17
FNH:15
FNDA:15,ReviewsPage
FNDA:1,(anonymous_1)
FNDA:0,(anonymous_2)
FNDA:4,(anonymous_3)
FNDA:7,refreshReviews
FNDA:1,(anonymous_5)
FNDA:1,handleCreate
FNDA:1,handleUpdate
FNDA:1,handleAdvance
FNDA:1,(anonymous_9)
FNDA:1,(anonymous_10)
FNDA:1,(anonymous_11)
FNDA:1,(anonymous_12)
FNDA:1,(anonymous_13)
FNDA:14,(anonymous_14)
FNDA:1,(anonymous_15)
FNDA:0,(anonymous_16)
DA:42,15
DA:43,15
DA:44,15
DA:45,15
DA:46,15
DA:47,15
DA:48,15
DA:50,15
DA:51,1
DA:53,0
DA:56,15
DA:57,4
DA:62,7
DA:63,7
DA:64,7
DA:65,7
DA:66,7
DA:67,2
DA:69,7
DA:70,1
DA:72,7
DA:73,7
DA:74,7
DA:75,7
DA:76,0
DA:79,0
DA:81,7
DA:86,1
DA:87,1
DA:91,1
DA:92,1
DA:93,1
DA:94,1
DA:98,1
DA:99,1
DA:102,15
DA:138,1
DA:144,1
DA:151,1
DA:163,14
DA:208,1
DA:217,0
LF:42
LH:38
BRDA:53,0,0,0
BRDA:53,0,1,0
BRDA:66,1,0,2
BRDA:66,1,1,5
BRDA:69,2,0,1
BRDA:69,2,1,6
BRDA:75,3,0,0
BRDA:75,3,1,7
BRDA:75,4,0,7
BRDA:75,4,1,1
BRDA:79,5,0,0
BRDA:79,5,1,0
BRDA:91,6,0,0
BRDA:91,6,1,1
BRDA:118,7,0,15
BRDA:118,7,1,0
BRDA:158,8,0,1
BRDA:158,8,1,14
BRDA:184,9,0,15
BRDA:184,9,1,4
BRDA:197,10,0,15
BRDA:197,10,1,1
BRF:22
BRH:15
end_of_record
TN:
SF:src/components/EmployeeFilterSelect.tsx
FN:13,EmployeeFilterSelect
FN:19,(anonymous_1)
FN:21,(anonymous_2)
FNF:3
FNH:3
FNDA:25,EmployeeFilterSelect
FNDA:3,(anonymous_1)
FNDA:46,(anonymous_2)
DA:14,25
DA:19,3
DA:22,46
LF:3
LH:3
BRDA:13,0,0,24
BRF:1
BRH:1
end_of_record
TN:
SF:src/components/EmployeeForm.tsx
FN:13,EmployeeForm
FN:18,(anonymous_1)
FN:22,handleSubmit
FN:49,(anonymous_3)
FNF:4
FNH:4
FNDA:13,EmployeeForm
FNDA:3,(anonymous_1)
FNDA:3,handleSubmit
FNDA:2,(anonymous_3)
DA:14,13
DA:15,13
DA:16,13
DA:18,13
DA:19,3
DA:23,3
DA:24,3
DA:25,3
DA:26,1
DA:27,1
DA:29,2
DA:30,2
DA:31,2
DA:32,2
DA:33,1
DA:35,1
DA:37,2
DA:41,13
DA:49,2
LF:19
LH:19
BRDA:14,0,0,13
BRDA:14,0,1,13
BRDA:19,1,0,3
BRDA:19,1,1,3
BRDA:25,2,0,1
BRDA:25,2,1,2
BRDA:35,3,0,1
BRDA:35,3,1,0
BRDA:54,4,0,13
BRDA:54,4,1,8
BRDA:56,5,0,13
BRDA:56,5,1,10
BRDA:56,5,2,3
BRDA:59,6,0,3
BRDA:59,6,1,0
BRF:15
BRH:13
end_of_record
TN:
SF:src/components/FiltersCard.tsx
FN:11,FiltersCard
FNF:1
FNH:1
FNDA:25,FiltersCard
DA:12,25
LF:1
LH:1
BRF:0
BRH:0
end_of_record
TN:
SF:src/components/PayrollForm.tsx
FN:34,PayrollForm
FN:48,(anonymous_1)
FN:53,handleNumberChange
FN:55,(anonymous_3)
FN:58,handleTextChange
FN:59,(anonymous_5)
FN:62,(anonymous_6)
FN:66,handleSubmit
FN:109,(anonymous_8)
FN:113,(anonymous_9)
FN:125,(anonymous_10)
FN:136,(anonymous_11)
FN:146,(anonymous_12)
FN:156,(anonymous_13)
FN:166,(anonymous_14)
FN:176,(anonymous_15)
FNF:16
FNH:16
FNDA:14,PayrollForm
FNDA:2,(anonymous_1)
FNDA:6,handleNumberChange
FNDA:6,(anonymous_3)
FNDA:1,handleTextChange
FNDA:1,(anonymous_5)
FNDA:10,(anonymous_6)
FNDA:2,handleSubmit
FNDA:1,(anonymous_8)
FNDA:14,(anonymous_9)
FNDA:1,(anonymous_10)
FNDA:1,(anonymous_11)
FNDA:1,(anonymous_12)
FNDA:1,(anonymous_13)
FNDA:1,(anonymous_14)
FNDA:1,(anonymous_15)
DA:35,14
DA:44,14
DA:45,14
DA:46,14
DA:48,14
DA:49,2
DA:54,6
DA:55,6
DA:59,1
DA:62,14
DA:63,10
DA:67,2
DA:68,2
DA:69,2
DA:70,1
DA:71,1
DA:73,1
DA:74,0
DA:75,0
DA:77,1
DA:78,0
DA:79,0
DA:82,1
DA:83,1
DA:84,1
DA:88,1
DA:90,0
DA:92,1
DA:96,14
DA:109,1
DA:114,14
DA:125,1
DA:136,1
DA:146,1
DA:156,1
DA:166,1
DA:176,1
LF:37
LH:32
BRDA:55,0,0,0
BRDA:55,0,1,6
BRDA:69,1,0,1
BRDA:69,1,1,1
BRDA:73,2,0,0
BRDA:73,2,1,1
BRDA:77,3,0,0
BRDA:77,3,1,1
BRDA:90,4,0,0
BRDA:90,4,1,0
BRDA:98,5,0,14
BRDA:98,5,1,2
BRDA:108,6,0,14
BRDA:108,6,1,5
BRDA:188,7,0,14
BRDA:188,7,1,14
BRF:16
BRH:11
end_of_record
TN:
SF:src/components/PerformanceReviewForm.tsx
FN:37,PerformanceReviewForm
FN:46,(anonymous_1)
FN:61,(anonymous_2)
FN:65,handleChange
FN:66,(anonymous_4)
FN:69,handleSubmit
FN:137,(anonymous_6)
FN:141,(anonymous_7)
FN:150,(anonymous_8)
FN:159,(anonymous_9)
FN:169,(anonymous_10)
FN:178,(anonymous_11)
FN:181,(anonymous_12)
FN:193,(anonymous_13)
FN:203,(anonymous_14)
FNF:15
FNH:15
FNDA:18,PerformanceReviewForm
FNDA:3,(anonymous_1)
FNDA:3,(anonymous_2)
FNDA:7,handleChange
FNDA:7,(anonymous_4)
FNDA:3,handleSubmit
FNDA:1,(anonymous_6)
FNDA:26,(anonymous_7)
FNDA:10,(anonymous_8)
FNDA:1,(anonymous_9)
FNDA:2,(anonymous_10)
FNDA:1,(anonymous_11)
FNDA:90,(anonymous_12)
FNDA:1,(anonymous_13)
FNDA:1,(anonymous_14)
DA:35,1
DA:44,18
DA:45,18
DA:46,3
DA:57,18
DA:58,18
DA:59,18
DA:61,18
DA:62,3
DA:66,7
DA:70,3
DA:71,3
DA:73,3
DA:74,1
DA:75,1
DA:77,2
DA:78,0
DA:79,0
DA:81,2
DA:82,0
DA:83,0
DA:85,2
DA:86,0
DA:87,0
DA:90,2
DA:91,2
DA:92,2
DA:99,2
DA:100,1
DA:110,0
DA:112,2
DA:116,18
DA:118,18
DA:137,1
DA:142,26
DA:150,10
DA:159,1
DA:169,2
DA:178,1
DA:182,90
DA:193,1
DA:203,1
LF:42
LH:35
BRDA:47,0,0,3
BRDA:47,0,1,2
BRDA:48,1,0,3
BRDA:48,1,1,2
BRDA:49,2,0,3
BRDA:49,2,1,2
BRDA:50,3,0,3
BRDA:50,3,1,2
BRDA:51,4,0,3
BRDA:51,4,1,2
BRDA:52,5,0,3
BRDA:52,5,1,2
BRDA:73,6,0,1
BRDA:73,6,1,2
BRDA:73,7,0,3
BRDA:73,7,1,2
BRDA:77,8,0,0
BRDA:77,8,1,2
BRDA:81,9,0,0
BRDA:81,9,1,2
BRDA:85,10,0,0
BRDA:85,10,1,2
BRDA:85,11,0,2
BRDA:85,11,1,2
BRDA:99,12,0,1
BRDA:99,12,1,1
BRDA:110,13,0,0
BRDA:110,13,1,0
BRDA:116,14,0,18
BRDA:116,14,1,13
BRDA:116,15,0,13
BRDA:116,15,1,0
BRDA:122,16,0,13
BRDA:122,16,1,5
BRDA:125,17,0,18
BRDA:125,17,1,2
BRDA:132,18,0,13
BRDA:132,18,1,5
BRDA:136,19,0,13
BRDA:136,19,1,5
BRDA:150,20,0,5
BRDA:150,20,1,0
BRDA:154,21,0,18
BRDA:154,21,1,13
BRF:44
BRH:37
end_of_record
TN:
SF:src/components/ReviewList.tsx
FN:35,ReviewList
FN:54,(anonymous_1)
FN:70,(anonymous_2)
FN:78,(anonymous_3)
FNF:4
FNH:4
FNDA:2,ReviewList
FNDA:1,(anonymous_1)
FNDA:1,(anonymous_2)
FNDA:1,(anonymous_3)
DA:24,1
DA:29,1
DA:36,2
DA:37,1
DA:40,1
DA:55,1
DA:56,1
DA:70,1
DA:78,1
LF:9
LH:9
BRDA:36,0,0,1
BRDA:36,0,1,1
BRDA:36,1,0,2
BRDA:36,1,1,2
BRDA:64,2,0,1
BRDA:64,2,1,0
BRDA:73,3,0,1
BRDA:73,3,1,0
BRF:8
BRH:6
end_of_record
TN:
SF:src/lib/api.ts
FN:54,resolveApiBase
FN:69,apiUrl
FN:74,handleJson
FN:84,getEmployees
FN:89,createEmployee
FN:98,updateEmployee
FN:110,deleteEmployee
FN:119,getReviews
FN:133,createReview
FN:155,updateReview
FN:177,transitionReview
FN:189,getPayroll
FN:202,createPayroll
FNF:13
FNH:13
FNDA:14,resolveApiBase
FNDA:14,apiUrl
FNDA:12,handleJson
FNDA:2,getEmployees
FNDA:2,createEmployee
FNDA:2,updateEmployee
FNDA:2,deleteEmployee
FNDA:1,getReviews
FNDA:1,createReview
FNDA:1,updateReview
FNDA:1,transitionReview
FNDA:1,getPayroll
FNDA:1,createPayroll
DA:55,14
DA:56,14
DA:57,14
DA:61,14
DA:66,14
DA:70,14
DA:71,14
DA:75,12
DA:76,12
DA:77,12
DA:78,3
DA:79,3
DA:81,9
DA:85,2
DA:86,2
DA:90,2
DA:95,2
DA:102,2
DA:107,2
DA:111,2
DA:112,2
DA:113,1
DA:114,1
DA:115,1
DA:122,1
DA:123,1
DA:124,1
DA:125,1
DA:126,1
DA:127,1
DA:130,1
DA:141,1
DA:152,1
DA:164,1
DA:174,1
DA:181,1
DA:186,1
DA:192,1
DA:193,1
DA:194,1
DA:195,1
DA:196,1
DA:199,1
DA:211,1
DA:223,1
LF:45
LH:45
BRDA:55,0,0,14
BRDA:55,0,1,0
BRDA:57,1,0,0
BRDA:57,1,1,14
BRDA:61,2,0,14
BRDA:61,2,1,0
BRDA:61,2,2,0
BRDA:61,2,3,0
BRDA:76,3,0,12
BRDA:76,3,1,0
BRDA:77,4,0,3
BRDA:77,4,1,9
BRDA:78,5,0,3
BRDA:78,5,1,0
BRDA:78,5,2,0
BRDA:112,6,0,1
BRDA:112,6,1,1
BRDA:114,7,0,1
BRDA:114,7,1,0
BRDA:115,8,0,1
BRDA:115,8,1,0
BRDA:115,8,2,0
BRDA:120,9,0,0
BRDA:123,10,0,1
BRDA:123,10,1,0
BRDA:124,11,0,0
BRDA:124,11,1,1
BRDA:125,12,0,1
BRDA:125,12,1,0
BRDA:127,13,0,1
BRDA:127,13,1,0
BRDA:148,14,0,1
BRDA:148,14,1,0
BRDA:149,15,0,1
BRDA:149,15,1,0
BRDA:190,16,0,0
BRDA:193,17,0,1
BRDA:193,17,1,0
BRDA:194,18,0,1
BRDA:194,18,1,0
BRDA:196,19,0,1
BRDA:196,19,1,0
BRDA:217,20,0,1
BRDA:217,20,1,1
BRDA:218,21,0,1
BRDA:218,21,1,1
BRDA:219,22,0,1
BRDA:219,22,1,1
BRDA:220,23,0,1
BRDA:220,23,1,1
BRF:50
BRH:28
end_of_record
TN:
SF:test/test-utils.tsx
FN:7,(anonymous_0)
FN:11,(anonymous_1)
FNF:2
FNH:2
FNDA:17,(anonymous_0)
FNDA:17,(anonymous_1)
DA:7,11
DA:8,17
DA:11,11
DA:12,17
LF:4
LH:4
BRF:0
BRH:0
end_of_record
