TN:
SF:src/app/page.tsx
FN:5,HomePage
FNF:1
FNH:1
FNDA:1,HomePage
DA:7,1
LF:1
LH:1
BRF:0
BRH:0
end_of_record
TN:
SF:src/components/EmployeeForm.tsx
FN:12,EmployeeForm
FN:17,(anonymous_1)
FN:21,handleSubmit
FN:45,(anonymous_3)
FNF:4
FNH:4
FNDA:13,EmployeeForm
FNDA:3,(anonymous_1)
FNDA:3,handleSubmit
FNDA:2,(anonymous_3)
DA:13,13
DA:14,13
DA:15,13
DA:17,13
DA:18,3
DA:22,3
DA:23,3
DA:24,3
DA:25,1
DA:26,1
DA:28,2
DA:29,2
DA:30,2
DA:31,2
DA:32,1
DA:34,1
DA:36,2
DA:40,13
DA:45,2
LF:19
LH:19
BRDA:13,0,0,13
BRDA:13,0,1,13
BRDA:18,1,0,3
BRDA:18,1,1,3
BRDA:24,2,0,1
BRDA:24,2,1,2
BRDA:34,3,0,1
BRDA:34,3,1,0
BRDA:49,4,0,13
BRDA:49,4,1,8
BRDA:51,5,0,13
BRDA:51,5,1,10
BRDA:51,5,2,3
BRDA:53,6,0,3
BRDA:53,6,1,0
BRF:15
BRH:13
end_of_record
TN:
SF:src/lib/api.ts
FN:3,apiUrl
FN:8,handleJson
FN:18,getEmployees
FN:23,createEmployee
FN:32,updateEmployee
FNF:5
FNH:5
FNDA:6,apiUrl
FNDA:6,handleJson
FNDA:2,getEmployees
FNDA:2,createEmployee
FNDA:2,updateEmployee
DA:4,6
DA:5,6
DA:9,6
DA:10,6
DA:11,6
DA:12,3
DA:13,3
DA:15,3
DA:19,2
DA:20,2
DA:24,2
DA:29,2
DA:33,2
DA:38,2
LF:14
LH:14
BRDA:4,0,0,6
BRDA:4,0,1,0
BRDA:10,1,0,6
BRDA:10,1,1,0
BRDA:11,2,0,3
BRDA:11,2,1,3
BRDA:12,3,0,3
BRDA:12,3,1,0
BRDA:12,3,2,0
BRF:9
BRH:5
end_of_record
