<?xml version="1.0" encoding="UTF-8"?>
<testsuites name="jest tests" tests="10" failures="0" errors="0" time="1.033">
  <testsuite name="HomePage" errors="0" failures="0" skipped="0" timestamp="2025-11-04T19:52:13" time="0.542" tests="1">
    <testcase classname="HomePage renders heading and link to employees" name="HomePage renders heading and link to employees" time="0.031">
    </testcase>
  </testsuite>
  <testsuite name="undefined" errors="0" failures="0" skipped="0" timestamp="2025-11-04T19:52:14" time="0.137" tests="3">
    <testcase classname=" renders and validates required" name=" renders and validates required" time="0.024">
    </testcase>
    <testcase classname=" submit successful" name=" submit successful" time="0.006">
    </testcase>
    <testcase classname=" shows error feedback" name=" shows error feedback" time="0.009">
    </testcase>
  </testsuite>
  <testsuite name="undefined" errors="0" failures="0" skipped="0" timestamp="2025-11-04T19:52:14" time="0.065" tests="6">
    <testcase classname=" getEmployees happy path" name=" getEmployees happy path" time="0.001">
    </testcase>
    <testcase classname=" createEmployee happy path" name=" createEmployee happy path" time="0.001">
    </testcase>
    <testcase classname=" updateEmployee happy path" name=" updateEmployee happy path" time="0">
    </testcase>
    <testcase classname=" createEmployee propagates 422 error from server" name=" createEmployee propagates 422 error from server" time="0.002">
    </testcase>
    <testcase classname=" getEmployees error path propagates message" name=" getEmployees error path propagates message" time="0.001">
    </testcase>
    <testcase classname=" updateEmployee error path propagates message" name=" updateEmployee error path propagates message" time="0">
    </testcase>
  </testsuite>
</testsuites>