<?xml version="1.0" encoding="UTF-8"?>
<testsuites name="jest tests" tests="9" failures="0" errors="0" time="0.675">
  <testsuite name="undefined" errors="0" failures="0" skipped="0" timestamp="2025-11-04T17:06:50" time="0.208" tests="6">
    <testcase classname=" getEmployees happy path" name=" getEmployees happy path" time="0.002">
    </testcase>
    <testcase classname=" createEmployee happy path" name=" createEmployee happy path" time="0.001">
    </testcase>
    <testcase classname=" updateEmployee happy path" name=" updateEmployee happy path" time="0">
    </testcase>
    <testcase classname=" createEmployee propagates 422 error from server" name=" createEmployee propagates 422 error from server" time="0.002">
    </testcase>
    <testcase classname=" getEmployees error path propagates message" name=" getEmployees error path propagates message" time="0.001">
    </testcase>
    <testcase classname=" updateEmployee error path propagates message" name=" updateEmployee error path propagates message" time="0.001">
    </testcase>
  </testsuite>
  <testsuite name="undefined" errors="0" failures="0" skipped="0" timestamp="2025-11-04T17:06:50" time="0.159" tests="3">
    <testcase classname=" renders and validates required" name=" renders and validates required" time="0.03">
    </testcase>
    <testcase classname=" submit successful" name=" submit successful" time="0.007">
    </testcase>
    <testcase classname=" shows error feedback" name=" shows error feedback" time="0.01">
    </testcase>
  </testsuite>
</testsuites>