<?xml version="1.0" encoding="UTF-8"?>
<testsuites name="Mocha Tests" time="2.888" tests="1" failures="0">
  <testsuite name="Root Suite" timestamp="2025-11-28T04:56:34" tests="0" file="cypress/e2e/payroll.cy.ts" time="0.000" failures="0">
  </testsuite>
  <testsuite name="Payroll flow" timestamp="2025-11-28T04:56:34" tests="1" time="2.885" failures="0">
    <testcase name="Payroll flow registers a payroll record and shows totals" time="2.851" classname="registers a payroll record and shows totals">
    </testcase>
  </testsuite>
</testsuites>