<?xml version="1.0" encoding="UTF-8"?>
<testsuites name="Mocha Tests" time="2.650" tests="2" failures="0">
  <testsuite name="Root Suite" timestamp="2025-11-28T05:02:01" tests="0" file="cypress/e2e/error_handling.cy.ts" time="0.000" failures="0">
  </testsuite>
  <testsuite name="Error handling" timestamp="2025-11-28T05:02:01" tests="2" time="2.642" failures="0">
    <testcase name="Error handling shows validation error 422" time="0.993" classname="shows validation error 422">
    </testcase>
    <testcase name="Error handling shows generic error 500" time="1.598" classname="shows generic error 500">
    </testcase>
  </testsuite>
</testsuites>