<?xml version="1.0" encoding="UTF-8"?>
<testsuites name="Mocha Tests" time="7.385" tests="1" failures="1">
  <testsuite name="Root Suite" timestamp="2025-11-28T04:56:39" tests="0" file="cypress/e2e/reviews.cy.ts" time="0.000" failures="0">
  </testsuite>
  <testsuite name="Performance reviews flow" timestamp="2025-11-28T04:56:39" tests="1" time="7.376" failures="1">
    <testcase name="Performance reviews flow creates and approves a review with visible summaries" time="0.000" classname="creates and approves a review with visible summaries">
      <failure message="Timed out retrying after 4000ms: expected &apos;&lt;div.chakra-card.css-jv498s&gt;&apos; to contain text &apos;Promedio&apos;, but the text was &apos;Nueva evaluaciónEmpleadoSeleccionar...Manuel FerrerasJuan PerezPayroll User 1764305287473Eval User 1764305296964Payroll User 1764305415705Eval User 1764305424120E2E UserUser ErrPayroll User 1764305611236Eval User 1764305620960User EditedUser ErrPayroll User 1764305733878E2E UserUser ErrE2E UserPayroll User 1764305786129User ErrPayroll User 1764305794829Eval User 1764305797855Eval User 1764305799812Período (ej. 2024-Q4)EvaluadorRating12345FortalezasOportunidadesCrear evaluación&apos;" type="AssertionError"><![CDATA[AssertionError: Timed out retrying after 4000ms: expected '<div.chakra-card.css-jv498s>' to contain text 'Promedio', but the text was 'Nueva evaluaciónEmpleadoSeleccionar...Manuel FerrerasJuan PerezPayroll User 1764305287473Eval User 1764305296964Payroll User 1764305415705Eval User 1764305424120E2E UserUser ErrPayroll User 1764305611236Eval User 1764305620960User EditedUser ErrPayroll User 1764305733878E2E UserUser ErrE2E UserPayroll User 1764305786129User ErrPayroll User 1764305794829Eval User 1764305797855Eval User 1764305799812Período (ej. 2024-Q4)EvaluadorRating12345FortalezasOportunidadesCrear evaluación'
    at Context.eval (webpack://tp07-e2e/./cypress/e2e/reviews.cy.ts:29:0)]]></failure>
    </testcase>
  </testsuite>
</testsuites>