<?xml version="1.0" encoding="UTF-8"?>
<testsuites name="Mocha Tests" time="5.084" tests="1" failures="1">
  <testsuite name="Root Suite" timestamp="2025-11-28T04:50:32" tests="0" file="cypress/e2e/update_employee.cy.ts" time="0.000" failures="0">
  </testsuite>
  <testsuite name="Update employee" timestamp="2025-11-28T04:50:32" tests="1" time="5.076" failures="1">
    <testcase name="Update employee edits the last employee and verifies the change" time="0.000" classname="edits the last employee and verifies the change">
      <failure message="Timed out retrying after 4000ms: Expected to find content: &apos;Create&apos; within the selector: &apos;button&apos; but never did." type="AssertionError"><![CDATA[AssertionError: Timed out retrying after 4000ms: Expected to find content: 'Create' within the selector: 'button' but never did.
    at Context.eval (webpack://tp07-e2e/./cypress/e2e/update_employee.cy.ts:7:0)]]></failure>
    </testcase>
  </testsuite>
</testsuites>