<?xml version="1.0" encoding="UTF-8"?>
<testsuites name="Mocha Tests" time="3.165" tests="1" failures="0">
  <testsuite name="Root Suite" timestamp="2025-11-28T04:58:37" tests="0" file="cypress/e2e/reviews.cy.ts" time="0.000" failures="0">
  </testsuite>
  <testsuite name="Performance reviews flow" timestamp="2025-11-28T04:58:37" tests="1" time="3.157" failures="0">
    <testcase name="Performance reviews flow creates and approves a review with visible summaries" time="3.123" classname="creates and approves a review with visible summaries">
    </testcase>
  </testsuite>
</testsuites>