<?xml version="1.0" encoding="UTF-8"?>
<testsuites name="Mocha Tests" time="2.008" tests="1" failures="0">
  <testsuite name="Root Suite" timestamp="2025-11-28T04:56:48" tests="0" file="cypress/e2e/update_employee.cy.ts" time="0.000" failures="0">
  </testsuite>
  <testsuite name="Update employee" timestamp="2025-11-28T04:56:48" tests="1" time="1.999" failures="0">
    <testcase name="Update employee edits the last employee and verifies the change" time="1.969" classname="edits the last employee and verifies the change">
    </testcase>
  </testsuite>
</testsuites>