<?xml version="1.0" encoding="UTF-8"?>
<testsuites name="Mocha Tests" time="2.028" tests="1" failures="0">
  <testsuite name="Root Suite" timestamp="2025-11-28T05:02:16" tests="0" file="cypress/e2e/update_employee.cy.ts" time="0.000" failures="0">
  </testsuite>
  <testsuite name="Update employee" timestamp="2025-11-28T05:02:16" tests="1" time="2.020" failures="0">
    <testcase name="Update employee edits the last employee and verifies the change" time="1.983" classname="edits the last employee and verifies the change">
    </testcase>
  </testsuite>
</testsuites>